
> dazzling-kapitsa@0.1.0 scrape
> tsx scripts/scrape-all.ts

=== CineCompara Scraper ===
Started at: 2026-04-15T10:10:22.481Z


--- Cinemark Chile ---
[cinemark] Starting (direct API, no browser)
[cinemark] Found 21 cinemas
[cinemark] 17 unique movies, 1836 sessions
  ✓ 17 movies, 1836 showtimes

--- Cinépolis Chile ---
[cinepolis] Starting (Playwright)
[cinepolis] ERROR: No movie data intercepted. Check network calls manually.
  ⚠ Error: No movie data intercepted. Check network calls manually.

--- Cineplanet Chile ---
[cineplanet] Starting (Playwright + network interception)
[cineplanet] ✓ moviescache intercepted
[cineplanet] ✓ sessioncache intercepted
[cineplanet] 33 movies in moviescache
[cineplanet] 1093 sessions in sessioncache
[cineplanet] session[0] keys: id, showtime, formats, languages, sessionId
[cineplanet] session[0] sample: {"id":"0000000002-72799","showtime":"2026-04-23T14:20:00-04:00","formats":["2D","CONV"],"languages":["DOBLADA"],"sessionId":"72799"}
  ✓ 33 movies, 0 showtimes

--- Muvix Chile ---
[muvix] Starting (direct API)
[muvix] 3 movies
  ✓ 3 movies, 0 showtimes

[tmdb] Enriching 37 movies…
[tmdb] Enriched 0/37 movies.

Wrote /home/runner/work/muvi/muvi/data/peliculas.json

Wrote /home/runner/work/muvi/muvi/data/funciones.json

Wrote /home/runner/work/muvi/muvi/data/actualizaciones.json

=== Done ===
Movies: 37
Showtimes: 1836
Errors: cinepolis
